logs/mlx_risky_10x480_big.txt
run_id:mlx_risky_10x480_big
mlx_version:0.29.3
train_loader:shards pattern=./data/datasets/fineweb10B_sp1024/fineweb_train_*.bin
val_loader:shards pattern=./data/datasets/fineweb10B_sp1024/fineweb_val_*.bin tokens:62021632
WARNING: train_loader:subset dataset:fineweb10B_sp1024 train_shards:1/195 new epochs will arrive sooner than the full dataset
tokenizer_path:./data/tokenizers/fineweb_1024_bpe.model
WARNING: val_loader:subset val_max_seqs:256
model_params:16641200 vocab_size:1024 layers:10 dim:480 heads:8 kv_heads:4 seq_len:1024 tie_embeddings:True
iterations:200 train_batch_tokens:16384 grad_accum_steps:1 microbatch_tokens:16384 microbatch_batch_size:16 val_batch_size:32768 warmup_steps:0 max_wallclock_seconds:600.000
mlx_max_microbatch_tokens:2048
optimizer:muon+adam muon_matrix_params:60 scalar_params:41 embed_lr:0.045 matrix_lr:0.035 scalar_lr:0.03 muon_momentum:0.95 muon_steps:5
val_bpb:enabled tokenizer_kind=sentencepiece tokenizer_path=./data/tokenizers/fineweb_1024_bpe.model
compute_dtype:mlx.core.bfloat16 compile:True
final_weight_ema:enabled beta:0.998 start_step:60
dtypes tok_emb:mlx.core.bfloat16 linear_weight:mlx.core.float32 skip_weights:mlx.core.float32
step:1/200 train_loss:6.9383 train_time:559ms step_avg:558.70ms tok_s:29325
step:2/200 train_loss:16.4338 train_time:2339ms step_avg:1169.54ms tok_s:9205
step:3/200 train_loss:12.4294 train_time:4079ms step_avg:1359.66ms tok_s:9420
step:4/200 train_loss:9.9243 train_time:5826ms step_avg:1456.51ms tok_s:9381
step:5/200 train_loss:8.3206 train_time:7572ms step_avg:1514.35ms tok_s:9389
step:6/200 train_loss:7.1425 train_time:9326ms step_avg:1554.32ms tok_s:9343
step:7/200 train_loss:6.6494 train_time:11070ms step_avg:1581.49ms tok_s:9394
step:8/200 train_loss:6.3318 train_time:12817ms step_avg:1602.08ms tok_s:9385
step:9/200 train_loss:5.9044 train_time:14559ms step_avg:1617.66ms tok_s:9406
step:10/200 train_loss:5.9980 train_time:16309ms step_avg:1630.95ms tok_s:9362
step:20/200 train_loss:5.6985 train_time:33318ms step_avg:1665.92ms tok_s:9630
step:40/200 train_loss:5.0524 train_time:67412ms step_avg:1685.29ms tok_s:9547
step:60/200 train_loss:4.5596 train_time:105510ms step_avg:1758.50ms tok_s:4910
step:80/200 train_loss:4.3383 train_time:148344ms step_avg:1854.31ms tok_s:7679
step:100/200 train_loss:4.4747 train_time:192591ms step_avg:1925.91ms tok_s:7349
step:120/200 train_loss:4.1562 train_time:237698ms step_avg:1980.82ms tok_s:7269
step:140/200 train_loss:4.0556 train_time:283794ms step_avg:2027.10ms tok_s:7175
step:160/200 train_loss:3.9764 train_time:330730ms step_avg:2067.06ms tok_s:6947
step:180/200 train_loss:4.0697 train_time:378140ms step_avg:2100.78ms tok_s:6949
step:200/200 train_loss:3.9556 train_time:425745ms step_avg:2128.73ms tok_s:6961
step:200/200 val_loss:3.8480 val_bpb:2.2787 train_time:437351ms step_avg:2186.76ms
final_weights:ema
saved_model:logs/mlx_risky_10x480_big_mlx_model.npz bytes:65605132
serialized_model_int8_zlib:2782733 bytes (payload:16825536 raw_pickle:16837929 payload_ratio:3.90x)
final_int8_zlib_roundtrip val_loss:7.3833 val_bpb:4.3722 eval_time:11072ms
final_int8_zlib_roundtrip_exact val_loss:7.38333035 val_bpb:4.37222481
