logs/mlx_10x480_sched420.txt
run_id:mlx_10x480_sched420
mlx_version:0.29.3
train_loader:shards pattern=./data/datasets/fineweb10B_sp1024/fineweb_train_*.bin
val_loader:shards pattern=./data/datasets/fineweb10B_sp1024/fineweb_val_*.bin tokens:62021632
WARNING: train_loader:subset dataset:fineweb10B_sp1024 train_shards:1/195 new epochs will arrive sooner than the full dataset
tokenizer_path:./data/tokenizers/fineweb_1024_bpe.model
WARNING: val_loader:subset val_max_seqs:256
model_params:16641200 vocab_size:1024 layers:10 dim:480 heads:8 kv_heads:4 seq_len:1024 tie_embeddings:True
iterations:420 train_batch_tokens:16384 grad_accum_steps:1 microbatch_tokens:16384 microbatch_batch_size:16 val_batch_size:32768 warmup_steps:0 max_wallclock_seconds:0.000
mlx_max_microbatch_tokens:2048
optimizer:muon+adam muon_matrix_params:60 scalar_params:41 embed_lr:0.045 matrix_lr:0.035 scalar_lr:0.03 muon_momentum:0.95 muon_steps:5
val_bpb:enabled tokenizer_kind=sentencepiece tokenizer_path=./data/tokenizers/fineweb_1024_bpe.model
compute_dtype:mlx.core.bfloat16 compile:True
final_weight_ema:enabled beta:0.998 start_step:300
dtypes tok_emb:mlx.core.bfloat16 linear_weight:mlx.core.float32 skip_weights:mlx.core.float32
step:0/420 val_loss:6.9342 val_bpb:4.1062 train_time:7898ms step_avg:7898.31ms
step:1/420 train_loss:6.9383 train_time:8600ms step_avg:8599.71ms tok_s:23359
step:2/420 train_loss:16.4316 train_time:10415ms step_avg:5207.66ms tok_s:9026
step:3/420 train_loss:11.3685 train_time:12155ms step_avg:4051.75ms tok_s:9419
step:4/420 train_loss:7.6890 train_time:13885ms step_avg:3471.35ms tok_s:9473
step:5/420 train_loss:6.9135 train_time:15604ms step_avg:3120.84ms tok_s:9535
step:6/420 train_loss:7.0164 train_time:17310ms step_avg:2884.97ms tok_s:9608
step:7/420 train_loss:6.7713 train_time:19018ms step_avg:2716.79ms tok_s:9596
step:8/420 train_loss:6.6835 train_time:20721ms step_avg:2590.13ms tok_s:9620
step:9/420 train_loss:6.2941 train_time:22428ms step_avg:2491.95ms tok_s:9603
step:10/420 train_loss:6.2808 train_time:24141ms step_avg:2414.11ms tok_s:9563
step:20/420 train_loss:5.4456 train_time:41007ms step_avg:2050.34ms tok_s:9811
step:40/420 train_loss:4.5553 train_time:74593ms step_avg:1864.81ms tok_s:9742
step:60/420 train_loss:4.2405 train_time:118178ms step_avg:1969.63ms tok_s:9509
step:80/420 train_loss:4.0107 train_time:154602ms step_avg:1932.53ms tok_s:8645
step:100/420 train_loss:4.1092 train_time:203679ms step_avg:2036.79ms tok_s:8262
step:120/420 train_loss:3.8991 train_time:243506ms step_avg:2029.22ms tok_s:8262
step:140/420 train_loss:3.8273 train_time:293366ms step_avg:2095.47ms tok_s:8202
step:160/420 train_loss:3.7886 train_time:333924ms step_avg:2087.02ms tok_s:7943
step:180/420 train_loss:3.9797 train_time:387062ms step_avg:2150.34ms tok_s:8125
step:200/420 train_loss:3.7738 train_time:428336ms step_avg:2141.68ms tok_s:7946
step:200/420 val_loss:3.7363 val_bpb:2.2125 train_time:440177ms step_avg:2200.89ms
step:220/420 train_loss:3.6322 train_time:480764ms step_avg:2185.29ms tok_s:7926
step:240/420 train_loss:3.8210 train_time:521846ms step_avg:2174.36ms tok_s:7864
step:260/420 train_loss:3.6517 train_time:573532ms step_avg:2205.89ms tok_s:8064
step:280/420 train_loss:3.5230 train_time:614567ms step_avg:2194.88ms tok_s:7587
step:300/420 train_loss:3.4526 train_time:668110ms step_avg:2227.03ms tok_s:4649
step:320/420 train_loss:3.6249 train_time:709463ms step_avg:2217.07ms tok_s:7797
step:340/420 train_loss:3.3900 train_time:761989ms step_avg:2241.14ms tok_s:7893
step:360/420 train_loss:3.4465 train_time:804809ms step_avg:2235.58ms tok_s:7687
step:380/420 train_loss:3.4725 train_time:858297ms step_avg:2258.68ms tok_s:7832
step:400/420 train_loss:3.6609 train_time:900271ms step_avg:2250.68ms tok_s:7707
step:400/420 val_loss:3.3665 val_bpb:1.9935 train_time:910970ms step_avg:2277.42ms
step:420/420 train_loss:3.4134 train_time:953852ms step_avg:2271.08ms tok_s:7897
step:420/420 val_loss:3.3357 val_bpb:1.9753 train_time:964212ms step_avg:2295.74ms
final_weights:ema
saved_model:logs/mlx_10x480_sched420_mlx_model.npz bytes:65605132
serialized_model_int8_zlib:11672935 bytes (payload:16825536 raw_pickle:16837929 payload_ratio:3.90x)
final_int8_zlib_roundtrip val_loss:3.4714 val_bpb:2.0557 eval_time:9759ms
final_int8_zlib_roundtrip_exact val_loss:3.47143126 val_bpb:2.05569535
