logs/mlx_10x480_sched500.txt
run_id:mlx_10x480_sched500
mlx_version:0.29.3
train_loader:shards pattern=./data/datasets/fineweb10B_sp1024/fineweb_train_*.bin
val_loader:shards pattern=./data/datasets/fineweb10B_sp1024/fineweb_val_*.bin tokens:62021632
WARNING: train_loader:subset dataset:fineweb10B_sp1024 train_shards:1/195 new epochs will arrive sooner than the full dataset
tokenizer_path:./data/tokenizers/fineweb_1024_bpe.model
WARNING: val_loader:subset val_max_seqs:256
model_params:16641200 vocab_size:1024 layers:10 dim:480 heads:8 kv_heads:4 seq_len:1024 tie_embeddings:True
iterations:500 train_batch_tokens:16384 grad_accum_steps:1 microbatch_tokens:16384 microbatch_batch_size:16 val_batch_size:32768 warmup_steps:0 max_wallclock_seconds:0.000
mlx_max_microbatch_tokens:2048
optimizer:muon+adam muon_matrix_params:60 scalar_params:41 embed_lr:0.045 matrix_lr:0.035 scalar_lr:0.03 muon_momentum:0.95 muon_steps:5
val_bpb:enabled tokenizer_kind=sentencepiece tokenizer_path=./data/tokenizers/fineweb_1024_bpe.model
compute_dtype:mlx.core.bfloat16 compile:True
final_weight_ema:enabled beta:0.998 start_step:380
dtypes tok_emb:mlx.core.bfloat16 linear_weight:mlx.core.float32 skip_weights:mlx.core.float32
step:0/500 val_loss:6.9342 val_bpb:4.1062 train_time:8229ms step_avg:8229.08ms
step:1/500 train_loss:6.9383 train_time:9022ms step_avg:9021.65ms tok_s:20672
step:2/500 train_loss:16.4346 train_time:10858ms step_avg:5429.14ms tok_s:8922
step:3/500 train_loss:11.3704 train_time:12623ms step_avg:4207.67ms tok_s:9287
step:4/500 train_loss:7.6888 train_time:14383ms step_avg:3595.64ms tok_s:9315
step:5/500 train_loss:6.9114 train_time:16132ms step_avg:3226.39ms tok_s:9369
step:6/500 train_loss:7.0159 train_time:17885ms step_avg:2980.91ms tok_s:9347
step:7/500 train_loss:6.7758 train_time:19636ms step_avg:2805.12ms tok_s:9363
step:8/500 train_loss:6.6755 train_time:21391ms step_avg:2673.88ms tok_s:9337
step:9/500 train_loss:6.2909 train_time:23140ms step_avg:2571.16ms tok_s:9368
step:10/500 train_loss:6.2774 train_time:24909ms step_avg:2490.89ms tok_s:9267
step:20/500 train_loss:5.4487 train_time:42385ms step_avg:2119.25ms tok_s:9219
step:40/500 train_loss:4.5558 train_time:82976ms step_avg:2074.39ms tok_s:7541
step:60/500 train_loss:4.2411 train_time:130690ms step_avg:2178.17ms tok_s:9468
step:80/500 train_loss:4.0098 train_time:167189ms step_avg:2089.86ms tok_s:9216
step:100/500 train_loss:4.1135 train_time:215439ms step_avg:2154.39ms tok_s:8696
step:120/500 train_loss:3.8955 train_time:261666ms step_avg:2180.55ms tok_s:8499
step:140/500 train_loss:3.8199 train_time:311574ms step_avg:2225.53ms tok_s:7956
step:160/500 train_loss:3.7929 train_time:351355ms step_avg:2195.97ms tok_s:8048
step:180/500 train_loss:3.9718 train_time:402540ms step_avg:2236.33ms tok_s:8270
step:200/500 train_loss:3.7793 train_time:443291ms step_avg:2216.45ms tok_s:7919
step:200/500 val_loss:3.7346 val_bpb:2.2116 train_time:454823ms step_avg:2274.12ms
step:220/500 train_loss:3.6395 train_time:495304ms step_avg:2251.38ms tok_s:7877
step:240/500 train_loss:3.8225 train_time:536411ms step_avg:2235.05ms tok_s:7997
step:260/500 train_loss:3.6534 train_time:589340ms step_avg:2266.69ms tok_s:8046
step:280/500 train_loss:3.5310 train_time:630321ms step_avg:2251.15ms tok_s:7822
step:300/500 train_loss:3.4356 train_time:682631ms step_avg:2275.44ms tok_s:7789
step:320/500 train_loss:3.6211 train_time:724265ms step_avg:2263.33ms tok_s:7879
step:340/500 train_loss:3.4152 train_time:776784ms step_avg:2284.66ms tok_s:7853
step:360/500 train_loss:3.5008 train_time:818924ms step_avg:2274.79ms tok_s:7951
step:380/500 train_loss:3.5775 train_time:872704ms step_avg:2296.59ms tok_s:4565
step:400/500 train_loss:3.7852 train_time:915085ms step_avg:2287.71ms tok_s:7804
step:400/500 val_loss:3.5132 val_bpb:2.0804 train_time:925337ms step_avg:2313.34ms
step:420/500 train_loss:3.5272 train_time:968726ms step_avg:2306.49ms tok_s:7656
step:440/500 train_loss:3.3892 train_time:1011150ms step_avg:2298.07ms tok_s:7685
step:460/500 train_loss:3.4702 train_time:1064265ms step_avg:2313.62ms tok_s:7757
step:480/500 train_loss:3.3146 train_time:1106801ms step_avg:2305.83ms tok_s:7882
step:500/500 train_loss:3.3555 train_time:1160725ms step_avg:2321.45ms tok_s:7583
step:500/500 val_loss:3.2947 val_bpb:1.9511 train_time:1171405ms step_avg:2342.81ms
final_weights:ema
saved_model:logs/mlx_10x480_sched500_mlx_model.npz bytes:65605132
serialized_model_int8_zlib:12023473 bytes (payload:16825536 raw_pickle:16837929 payload_ratio:3.90x)
final_int8_zlib_roundtrip val_loss:3.4092 val_bpb:2.0189 eval_time:9982ms
final_int8_zlib_roundtrip_exact val_loss:3.40922856 val_bpb:2.01886046
